Release 14.6 - ngc2edif P.68d (nt64)
Copyright (c) 1995-2013 Xilinx, Inc.  All rights reserved.
Reading design NERP_demo_top.ngc ...
WARNING:NetListWriters:298 - No output is written to NERP_demo_top.xncf,
   ignored.
Processing design ...
   Preping design's networks ...
   Preping design's macros ...
  finished :Prep
Writing EDIF netlist file NERP_demo_top.edif ...
ngc2edif: Total memory usage is 78048 kilobytes

Release 14.6 - ngc2edif P.68d (nt64)
Copyright (c) 1995-2013 Xilinx, Inc.  All rights reserved.
Reading design NERP_demo_top.ngc ...
WARNING:NetListWriters:298 - No output is written to NERP_demo_top.xncf,
   ignored.
Processing design ...
   Preping design's networks ...
   Preping design's macros ...
  finished :Prep
Writing EDIF netlist file NERP_demo_top.edif ...
ngc2edif: Total memory usage is 78112 kilobytes

Release 14.6 - ngc2edif P.68d (nt64)
Copyright (c) 1995-2013 Xilinx, Inc.  All rights reserved.
Reading design NERP_demo_top.ngc ...
WARNING:NetListWriters:298 - No output is written to NERP_demo_top.xncf,
   ignored.
Processing design ...
   Preping design's networks ...
   Preping design's macros ...
  finished :Prep
Writing EDIF netlist file NERP_demo_top.edif ...
ngc2edif: Total memory usage is 78944 kilobytes

