#-----------------------------------------------------------
# PlanAhead v14.6 (64-bit)
# Build 269223 by xbuild on Wed Jun  5 11:14:03 MDT 2013
# Start of session at: Tue Mar 05 12:47:31 2019
# Process ID: 2276
# Log file: C:/Users/152/Desktop/lab6_group11/UCLA_CSM152A_src/4_project_repo/sample_vga/planAhead_run_1/planAhead.log
# Journal file: C:/Users/152/Desktop/lab6_group11/UCLA_CSM152A_src/4_project_repo/sample_vga/planAhead_run_1/planAhead.jou
#-----------------------------------------------------------
INFO: [Common 17-78] Attempting to get a license: PlanAhead
INFO: [Common 17-290] Got license for PlanAhead
INFO: [Common 17-86] Your PlanAhead license expires in -1677 day(s)
INFO: [Device 21-36] Loading parts and site information from C:/Xilinx/14.6/ISE_DS/PlanAhead/data/parts/arch.xml
Parsing RTL primitives file [C:/Xilinx/14.6/ISE_DS/PlanAhead/data/parts/xilinx/rtl/prims/rtl_prims.xml]
Finished parsing RTL primitives file [C:/Xilinx/14.6/ISE_DS/PlanAhead/data/parts/xilinx/rtl/prims/rtl_prims.xml]
start_gui
source C:/Users/152/Desktop/lab6_group11/UCLA_CSM152A_src/4_project_repo/sample_vga/pa.fromNetlist.tcl
# create_project -name sample_vga -dir "C:/Users/152/Desktop/lab6_group11/UCLA_CSM152A_src/4_project_repo/sample_vga/planAhead_run_2" -part xc6slx45tfgg484-3
create_project: Time (s): elapsed = 00:00:06 . Memory (MB): peak = 396.738 ; gain = 72.328
# set_property design_mode GateLvl [get_property srcset [current_run -impl]]
# set_property edif_top_file "C:/Users/152/Desktop/lab6_group11/UCLA_CSM152A_src/4_project_repo/sample_vga/NERP_demo_top.ngc" [ get_property srcset [ current_run ] ]
# add_files -norecurse { {C:/Users/152/Desktop/lab6_group11/UCLA_CSM152A_src/4_project_repo/sample_vga} }
# set_property target_constrs_file "Nexys3.ucf" [current_fileset -constrset]
Adding file 'C:/Users/152/Desktop/lab6_group11/UCLA_CSM152A_src/4_project_repo/sample_vga/Nexys3.ucf' to fileset 'constrs_1'
# add_files [list {Nexys3.ucf}] -fileset [get_property constrset [current_run]]
# link_design
Design is defaulting to srcset: sources_1
Design is defaulting to constrset: constrs_1
Design is defaulting to project part: xc6slx45tfgg484-3
Release 14.6 - ngc2edif P.68d (nt64)
Copyright (c) 1995-2013 Xilinx, Inc.  All rights reserved.
Reading design NERP_demo_top.ngc ...
WARNING:NetListWriters:298 - No output is written to NERP_demo_top.xncf,
   ignored.
Processing design ...
   Preping design's networks ...
   Preping design's macros ...
  finished :Prep
Writing EDIF netlist file NERP_demo_top.edif ...
ngc2edif: Total memory usage is 78112 kilobytes

Release 14.6 - ngc2edif P.68d (nt64)
Copyright (c) 1995-2013 Xilinx, Inc.  All rights reserved.
Reading design NERP_demo_top.ngc ...
WARNING:NetListWriters:298 - No output is written to NERP_demo_top.xncf,
   ignored.
Processing design ...
   Preping design's networks ...
   Preping design's macros ...
  finished :Prep
Writing EDIF netlist file NERP_demo_top.edif ...
ngc2edif: Total memory usage is 78944 kilobytes

Parsing EDIF File [./.Xil/PlanAhead-2276-CS152A-11/ngc2edif/NERP_demo_top.edif]
INFO: [Common 17-41] Interrupt caught. Command should exit soon.
INFO: [Common 17-344] 'link_design' was cancelled
INFO: [Common 17-344] 'source' was cancelled
exit
ERROR: [PlanAhead 12-106] *** Exception: ui.h.b: Found deleted key in HTclEventBroker. Verify if the classes listed here call cleanup()
HTclEvent: DEBUG_PORT_CONFIG_CHANGE   Classes: ui.views.aR 
HTclEvent: DEBUG_CORE_CONFIG_CHANGE   Classes: ui.views.aR 
HTclEvent: SIGNAL_BUS_MODIFY   Classes: ui.views.aR 
HTclEvent: SIGNAL_MODIFY   Classes: ui.views.aR 
 (See C:/Users/152/Desktop/lab6_group11/UCLA_CSM152A_src/4_project_repo/sample_vga\planAhead_pid2276.debug)
ERROR: [Common 17-39] 'stop_gui' failed due to earlier errors.
INFO: [Common 17-206] Exiting PlanAhead at Tue Mar 05 12:50:47 2019...
INFO: [Common 17-83] Releasing license: PlanAhead
